configs {
  scheme: "bgv"
  polynomial_degree: 4096
  logarithm_plaintext_coefficient: 20
  db_rows: 4
  db_cols: 4
  size_per_element: 256
  dimensions: 2
  number_of_elements: 624
  use_batching: true
}
main_server_hostname: "localhost:54321"
number_of_workers: 1
query_wait_time: 10
number_of_clients: 2
server_cpus: 2

num queries:2
results: 
 [
1457ms, 
398ms, 
1219ms, 
475ms, 
200ms, 
922ms, 
1338ms, 
565ms, 
1294ms, 
1389ms, 
139ms, 
1038ms, 
507ms, 
92ms, 
1130ms, 
250ms, 
1142ms, 
893ms, 
171ms, 
4419ms, 
352ms, 
999ms, 
1029ms, 
295ms, 
375ms, 
671ms, 
340ms, 
297ms, 
